<?xml version="1.0" encoding="UTF-8"?>
<!-- Generated by org.testng.reporters.JUnitReportReporter -->
<testsuite hostname="wdalwks7q6wbh2" name="testFiles.ShotzrTest" tests="1" failures="0" timestamp="5 Oct 2017 12:02:48 GMT" time="7.287" errors="0">
  <testcase name="MobileTest003" time="7.287" classname="testFiles.ShotzrTest"/>
</testsuite> <!-- testFiles.ShotzrTest -->
